app/build/intermediates/manifest_merge_blame_file/debug/processDebugMainManifest/manifest-merger-blame-debug-report.txt
1<?xml version="1.0" encoding="utf-8"?>
2<manifest xmlns:android="http://schemas.android.com/apk/res/android"
3    package="com.example.myapplication2222"
4    android:versionCode="1"
5    android:versionName="1.0" >
6
7    <uses-sdk
8        android:minSdkVersion="28"
9        android:targetSdkVersion="34" />
10
11    <!-- 필요한 권한 추가 -->
12    <uses-permission android:name="android.permission.ACCESS_FINE_LOCATION" />
12-->src\main\AndroidManifest.xml:5:5-79
12-->src\main\AndroidManifest.xml:5:22-76
13    <uses-permission android:name="android.permission.ACCESS_COARSE_LOCATION" />
13-->src\main\AndroidManifest.xml:6:5-81
13-->src\main\AndroidManifest.xml:6:22-78
14    <uses-permission
14-->src\main\AndroidManifest.xml:7:5-68
15        android:name="android.permission.BLUETOOTH"
15-->src\main\AndroidManifest.xml:7:22-65
16        android:required="false" />
16-->[org.altbeacon:android-beacon-library:2.20.6] AndroidManifest.xml:9:9-33
17    <uses-permission
17-->src\main\AndroidManifest.xml:8:5-74
18        android:name="android.permission.BLUETOOTH_ADMIN"
18-->src\main\AndroidManifest.xml:8:22-71
19        android:required="false" />
19-->[org.altbeacon:android-beacon-library:2.20.6] AndroidManifest.xml:12:9-33
20    <uses-permission android:name="android.permission.CAMERA" />
20-->src\main\AndroidManifest.xml:9:5-65
20-->src\main\AndroidManifest.xml:9:22-62
21    <uses-permission android:name="android.permission.WRITE_EXTERNAL_STORAGE" />
21-->src\main\AndroidManifest.xml:10:5-81
21-->src\main\AndroidManifest.xml:10:22-78
22    <uses-permission android:name="android.permission.READ_EXTERNAL_STORAGE" />
22-->src\main\AndroidManifest.xml:11:5-80
22-->src\main\AndroidManifest.xml:11:22-77
23    <uses-permission android:name="android.permission.INTERNET" />
23-->src\main\AndroidManifest.xml:12:5-66
23-->src\main\AndroidManifest.xml:12:22-64
24    <uses-permission android:name="android.permission.ACCESS_NETWORK_STATE" />
24-->src\main\AndroidManifest.xml:13:5-78
24-->src\main\AndroidManifest.xml:13:22-76
25
26    <uses-feature
26-->src\main\AndroidManifest.xml:15:5-84
27        android:name="android.hardware.camera"
27-->src\main\AndroidManifest.xml:15:19-57
28        android:required="true" />
28-->src\main\AndroidManifest.xml:15:58-81
29    <uses-feature
29-->src\main\AndroidManifest.xml:16:5-95
30        android:name="android.hardware.camera.autofocus"
30-->src\main\AndroidManifest.xml:16:19-67
31        android:required="false" />
31-->src\main\AndroidManifest.xml:16:68-92
32
33    <!-- 블루투스 LE 기능을 사용하는 경우 명시 -->
34    <uses-feature
34-->src\main\AndroidManifest.xml:19:5-90
35        android:name="android.hardware.bluetooth_le"
35-->src\main\AndroidManifest.xml:19:19-63
36        android:required="true" />
36-->src\main\AndroidManifest.xml:19:64-87
37
38    <uses-permission android:name="android.permission.READ_PHONE_STATE" /> <!-- android 11 모든 앱 접근 권한 사용  (Google Play 가이드라인 참고 - 2021-02-19 기준 못찾았음) -->
38-->[io.github.bootpay:android:4.4.2] AndroidManifest.xml:10:5-75
38-->[io.github.bootpay:android:4.4.2] AndroidManifest.xml:10:22-72
39    <!-- <uses-permission android:name="android.permission.QUERY_ALL_PACKAGES" tools:ignore="QueryAllPackagesPermission" /> -->
40    <!-- android 11 Package Visibility 설정 (compileSdkVersion, targetSdkVersion 30 이상 설정시 필수) -->
41    <!-- 2021-02-19 -->
42    <queries>
42-->[io.github.bootpay:android:4.4.2] AndroidManifest.xml:15:5-98:15
43
44        <!-- 다날[신한, BC(페이북), 국민, 현대, 삼성, 하나, 롯데, 농협, 우리, 씨티, 페이코, 삼성페이, 카카오페이, 뱅크페이, SSG페이, 스마일페이, 엘페이] -->
45        <!-- KCP [페이코, 현대, BC(페이북), 롯데, 국민, 농협, 삼성, 신한, 우리, 하나, 씨티] -->
46        <!-- 이니시스 [카카오페이, 네이버페이, 신한, 하나, 현대, 삼성, 국민, BC(페이북), 농협, 롯데, 씨티, 페이코, 엘페이, SSG페이, 차이, 토스, 삼성페이] -->
47        <!-- 나이스페이 [신한, 국민, 삼성, BC(페이북), 롯데, 현대, 하나 농협, 씨티, 우리] -->
48        <!-- 토스페이먼츠 [현대, 신한, 페이북, 국민, 삼성, 롯데, 농협, 우리] -->
49        <!-- 이지페이 [현대, 하나, 국민, 롯데, 삼성, BC(페이북) 신한, 하나, 농협, 씨티, 우리, 페이코] -->
50        <!-- 티페이 [BC(페이북), 국민, 하나, 삼성, 신한, 현대, 롯데, 농협, 씨티, 우리] -->
51        <!-- 페이레터 [BC(페이북), 국민, 하나, 삼성, 신한, 현대. 롯데, 농협, 씨티, ] -->
52        <!-- 월컴페이먼츠 [카카오, 엘페이, 현대, BC(페이북), 국민, 삼성, 신한, 롯데, 농협, 하나, 씨티, 하나, 우리] -->
53
54
55        <!-- 간편결제 -->
56        <package android:name="com.nhnent.payapp" /> <!-- 페이코 -->
56-->[io.github.bootpay:android:4.4.2] AndroidManifest.xml:29:9-53
56-->[io.github.bootpay:android:4.4.2] AndroidManifest.xml:29:18-50
57        <package android:name="com.lottemembers.android" /> <!-- LPAY -->
57-->[io.github.bootpay:android:4.4.2] AndroidManifest.xml:30:9-60
57-->[io.github.bootpay:android:4.4.2] AndroidManifest.xml:30:18-57
58        <package android:name="com.ssg.serviceapp.android.egiftcertificate" /> <!-- SSG 페이 -->
58-->[io.github.bootpay:android:4.4.2] AndroidManifest.xml:31:9-79
58-->[io.github.bootpay:android:4.4.2] AndroidManifest.xml:31:18-76
59        <package android:name="com.inicis.kpay" /> <!-- 이니시스 KPAY -->
59-->[io.github.bootpay:android:4.4.2] AndroidManifest.xml:32:9-51
59-->[io.github.bootpay:android:4.4.2] AndroidManifest.xml:32:18-48
60        <package android:name="com.tmoney.tmpay" /> <!-- 티머니페이 -->
60-->[io.github.bootpay:android:4.4.2] AndroidManifest.xml:33:9-52
60-->[io.github.bootpay:android:4.4.2] AndroidManifest.xml:33:18-49
61        <package android:name="viva.republica.toss" /> <!-- 토스페이 -->
61-->[io.github.bootpay:android:4.4.2] AndroidManifest.xml:34:9-55
61-->[io.github.bootpay:android:4.4.2] AndroidManifest.xml:34:18-52
62        <package android:name="com.kakao.talk" /> <!-- 카카오페이 -->
62-->[io.github.bootpay:android:4.4.2] AndroidManifest.xml:35:9-50
62-->[io.github.bootpay:android:4.4.2] AndroidManifest.xml:35:18-47
63        <package android:name="com.mysmilepay.app" /> <!-- 스마일 페이 -->
63-->[io.github.bootpay:android:4.4.2] AndroidManifest.xml:36:9-54
63-->[io.github.bootpay:android:4.4.2] AndroidManifest.xml:36:18-51
64        <package android:name="com.lotte.lpay" /> <!-- 엘페이 -->
64-->[io.github.bootpay:android:4.4.2] AndroidManifest.xml:37:9-50
64-->[io.github.bootpay:android:4.4.2] AndroidManifest.xml:37:18-47
65        <package android:name="finance.chai.app" /> <!-- 차이 -->
65-->[io.github.bootpay:android:4.4.2] AndroidManifest.xml:38:9-52
65-->[io.github.bootpay:android:4.4.2] AndroidManifest.xml:38:18-49
66        <package android:name="com.nhn.android.search" /> <!-- 네이버 -->
66-->[io.github.bootpay:android:4.4.2] AndroidManifest.xml:39:9-58
66-->[io.github.bootpay:android:4.4.2] AndroidManifest.xml:39:18-55
67
68
69        <!-- 앱카드 -->
70        <package android:name="kvp.jjy.MispAndroid320" /> <!-- BC 페이북 -->
70-->[io.github.bootpay:android:4.4.2] AndroidManifest.xml:43:9-58
70-->[io.github.bootpay:android:4.4.2] AndroidManifest.xml:43:18-55
71        <package android:name="com.kbcard.kbkookmincard" /> <!-- 국민카드 -->
71-->[io.github.bootpay:android:4.4.2] AndroidManifest.xml:44:9-60
71-->[io.github.bootpay:android:4.4.2] AndroidManifest.xml:44:18-57
72        <package android:name="com.kbcard.cxh.appcard" /> <!-- 국민카드 -->
72-->[io.github.bootpay:android:4.4.2] AndroidManifest.xml:45:9-58
72-->[io.github.bootpay:android:4.4.2] AndroidManifest.xml:45:18-55
73        <package android:name="com.kbstar.liivbank" /> <!-- 국민 리브 -->
73-->[io.github.bootpay:android:4.4.2] AndroidManifest.xml:46:9-55
73-->[io.github.bootpay:android:4.4.2] AndroidManifest.xml:46:18-52
74        <package android:name="com.kbstar.reboot" /> <!-- 국민 new 리브 -->
74-->[io.github.bootpay:android:4.4.2] AndroidManifest.xml:47:9-53
74-->[io.github.bootpay:android:4.4.2] AndroidManifest.xml:47:18-50
75        <package android:name="com.kbstar.kbbank" /> <!-- KB 스타뱅킹 -->
75-->[io.github.bootpay:android:4.4.2] AndroidManifest.xml:48:9-53
75-->[io.github.bootpay:android:4.4.2] AndroidManifest.xml:48:18-50
76
77        <package android:name="com.samsung.android.spay" /> <!-- 삼성페이 -->
77-->[io.github.bootpay:android:4.4.2] AndroidManifest.xml:50:9-60
77-->[io.github.bootpay:android:4.4.2] AndroidManifest.xml:50:18-57
78        <package android:name="com.samsung.android.spaylite" /> <!-- 삼성페이 미니 -->
78-->[io.github.bootpay:android:4.4.2] AndroidManifest.xml:51:9-64
78-->[io.github.bootpay:android:4.4.2] AndroidManifest.xml:51:18-61
79        <package android:name="com.lge.lgpay" /> <!-- 엘지페이 -->
79-->[io.github.bootpay:android:4.4.2] AndroidManifest.xml:52:9-49
79-->[io.github.bootpay:android:4.4.2] AndroidManifest.xml:52:18-46
80        <package android:name="com.hanaskcard.paycla" /> <!-- 하나카드 -->
80-->[io.github.bootpay:android:4.4.2] AndroidManifest.xml:53:9-57
80-->[io.github.bootpay:android:4.4.2] AndroidManifest.xml:53:18-54
81        <package android:name="kr.co.hanamembers.hmscustomer" /> <!-- 하나카드(멤버스결제) -->
81-->[io.github.bootpay:android:4.4.2] AndroidManifest.xml:54:9-65
81-->[io.github.bootpay:android:4.4.2] AndroidManifest.xml:54:18-62
82        <package android:name="com.lcacApp" /> <!-- 롯데카드 -->
82-->[io.github.bootpay:android:4.4.2] AndroidManifest.xml:55:9-47
82-->[io.github.bootpay:android:4.4.2] AndroidManifest.xml:55:18-44
83        <package android:name="kr.co.samsungcard.mpocket" /> <!-- 삼성카드 -->
83-->[io.github.bootpay:android:4.4.2] AndroidManifest.xml:56:9-61
83-->[io.github.bootpay:android:4.4.2] AndroidManifest.xml:56:18-58
84        <package android:name="com.shcard.smartpay" /> <!-- 신한카드 -->
84-->[io.github.bootpay:android:4.4.2] AndroidManifest.xml:57:9-55
84-->[io.github.bootpay:android:4.4.2] AndroidManifest.xml:57:18-52
85        <package android:name="com.shinhan.smartcaremgr" /> <!-- 신한 쏠 -->
85-->[io.github.bootpay:android:4.4.2] AndroidManifest.xml:58:9-60
85-->[io.github.bootpay:android:4.4.2] AndroidManifest.xml:58:18-57
86
87        <package android:name="com.shinhancard.smartshinhan" /> <!-- 신한카드 (ARS/일반결제/Smart결제) -->
87-->[io.github.bootpay:android:4.4.2] AndroidManifest.xml:60:9-64
87-->[io.github.bootpay:android:4.4.2] AndroidManifest.xml:60:18-61
88        <package android:name="com.hyundaicard.appcard" /> <!-- 현대카드 -->
88-->[io.github.bootpay:android:4.4.2] AndroidManifest.xml:61:9-59
88-->[io.github.bootpay:android:4.4.2] AndroidManifest.xml:61:18-56
89        <package android:name="nh.smart.nhallonepay" /> <!-- 농협카드 -->
89-->[io.github.bootpay:android:4.4.2] AndroidManifest.xml:62:9-56
89-->[io.github.bootpay:android:4.4.2] AndroidManifest.xml:62:18-53
90        <package android:name="com.wooricard.wpay" /> <!-- 우리카드 -->
90-->[io.github.bootpay:android:4.4.2] AndroidManifest.xml:63:9-54
90-->[io.github.bootpay:android:4.4.2] AndroidManifest.xml:63:18-51
91        <package android:name="com.wooricard.smartapp" /> <!-- 우리 WON 카드 -->
91-->[io.github.bootpay:android:4.4.2] AndroidManifest.xml:64:9-58
91-->[io.github.bootpay:android:4.4.2] AndroidManifest.xml:64:18-55
92        <package android:name="com.wooribank.smart.npib" /> <!-- 우리 WON 뱅킹 -->
92-->[io.github.bootpay:android:4.4.2] AndroidManifest.xml:65:9-60
92-->[io.github.bootpay:android:4.4.2] AndroidManifest.xml:65:18-57
93        <package android:name="kr.co.citibank.citimobile" /> <!-- 씨티카드 -->
93-->[io.github.bootpay:android:4.4.2] AndroidManifest.xml:66:9-61
93-->[io.github.bootpay:android:4.4.2] AndroidManifest.xml:66:18-58
94
95
96        <!-- 계좌이체 -->
97        <package android:name="com.kftc.bankpay.android" /> <!-- 뱅크페이 -->
97-->[io.github.bootpay:android:4.4.2] AndroidManifest.xml:70:9-60
97-->[io.github.bootpay:android:4.4.2] AndroidManifest.xml:70:18-57
98        <package android:name="com.kbankwith.smartbank" /> <!-- 케이뱅크 -->
98-->[io.github.bootpay:android:4.4.2] AndroidManifest.xml:71:9-59
98-->[io.github.bootpay:android:4.4.2] AndroidManifest.xml:71:18-56
99        <package android:name="com.knb.psb" /> <!-- BNK 경남은행 모바일뱅킹 -->
99-->[io.github.bootpay:android:4.4.2] AndroidManifest.xml:72:9-47
99-->[io.github.bootpay:android:4.4.2] AndroidManifest.xml:72:18-44
100        <package android:name="kr.co.kfcc.mobilebank" /> <!-- MG 새마을금고 -->
100-->[io.github.bootpay:android:4.4.2] AndroidManifest.xml:73:9-57
100-->[io.github.bootpay:android:4.4.2] AndroidManifest.xml:73:18-54
101        <package android:name="com.nh.cashcardapp" /> <!-- NH앱캐시 -->
101-->[io.github.bootpay:android:4.4.2] AndroidManifest.xml:74:9-54
101-->[io.github.bootpay:android:4.4.2] AndroidManifest.xml:74:18-51
102
103
104        <!-- 공인인증(신용카드) -->
105        <package android:name="com.hanaskcard.rocomo.potal" /> <!-- 하나카드 -->
105-->[io.github.bootpay:android:4.4.2] AndroidManifest.xml:78:9-63
105-->[io.github.bootpay:android:4.4.2] AndroidManifest.xml:78:18-60
106        <package android:name="com.lumensoft.touchenappfree" /> <!-- 현대카드 -->
106-->[io.github.bootpay:android:4.4.2] AndroidManifest.xml:79:9-64
106-->[io.github.bootpay:android:4.4.2] AndroidManifest.xml:79:18-61
107
108
109        <!-- 보안앱 -->
110        <package android:name="com.TouchEn.mVaccine.webs" /> <!-- 신한, 씨티 -->
110-->[io.github.bootpay:android:4.4.2] AndroidManifest.xml:83:9-61
110-->[io.github.bootpay:android:4.4.2] AndroidManifest.xml:83:18-58
111        <package android:name="kr.co.shiftworks.vguardweb" /> <!-- 삼성 -->
111-->[io.github.bootpay:android:4.4.2] AndroidManifest.xml:84:9-62
111-->[io.github.bootpay:android:4.4.2] AndroidManifest.xml:84:18-59
112        <package android:name="com.ahnlab.v3mobileplus" /> <!-- 하나, 농협, 우리, 국민 리브 -->
112-->[io.github.bootpay:android:4.4.2] AndroidManifest.xml:85:9-59
112-->[io.github.bootpay:android:4.4.2] AndroidManifest.xml:85:18-56
113
114
115        <!-- 휴대폰 결제 -->
116        <package android:name="com.kt.ktauth" /> <!-- KT 본인인증 -->
116-->[io.github.bootpay:android:4.4.2] AndroidManifest.xml:89:9-49
116-->[io.github.bootpay:android:4.4.2] AndroidManifest.xml:89:18-46
117        <package android:name="kr.danal.app.damoum" /> <!-- 다모음 -->
117-->[io.github.bootpay:android:4.4.2] AndroidManifest.xml:90:9-55
117-->[io.github.bootpay:android:4.4.2] AndroidManifest.xml:90:18-52
118        <package android:name="uplus.membership" /> <!-- U+ 멤버스 -->
118-->[io.github.bootpay:android:4.4.2] AndroidManifest.xml:91:9-52
118-->[io.github.bootpay:android:4.4.2] AndroidManifest.xml:91:18-49
119        <package android:name="com.sktelecom.tauth" /> <!-- PASS -->
119-->[io.github.bootpay:android:4.4.2] AndroidManifest.xml:92:9-55
119-->[io.github.bootpay:android:4.4.2] AndroidManifest.xml:92:18-52
120        <package android:name="com.lguplus.smartotp" /> <!-- PASS -->
120-->[io.github.bootpay:android:4.4.2] AndroidManifest.xml:93:9-56
120-->[io.github.bootpay:android:4.4.2] AndroidManifest.xml:93:18-53
121
122
123        <!-- 해외결제 -->
124        <package android:name="com.eg.android.AlipayGphone" />
124-->[io.github.bootpay:android:4.4.2] AndroidManifest.xml:97:9-63
124-->[io.github.bootpay:android:4.4.2] AndroidManifest.xml:97:18-60
125    </queries>
126
127    <uses-permission android:name="android.permission.FOREGROUND_SERVICE_LOCATION" />
127-->[org.altbeacon:android-beacon-library:2.20.6] AndroidManifest.xml:13:5-86
127-->[org.altbeacon:android-beacon-library:2.20.6] AndroidManifest.xml:13:22-83
128    <uses-permission android:name="android.permission.RECEIVE_BOOT_COMPLETED" />
128-->[org.altbeacon:android-beacon-library:2.20.6] AndroidManifest.xml:14:5-81
128-->[org.altbeacon:android-beacon-library:2.20.6] AndroidManifest.xml:14:22-78
129    <uses-permission android:name="android.permission.WAKE_LOCK" />
129-->[com.google.android.gms:play-services-measurement:22.1.2] AndroidManifest.xml:25:5-68
129-->[com.google.android.gms:play-services-measurement:22.1.2] AndroidManifest.xml:25:22-65
130    <uses-permission android:name="com.google.android.finsky.permission.BIND_GET_INSTALL_REFERRER_SERVICE" />
130-->[com.google.android.gms:play-services-measurement:22.1.2] AndroidManifest.xml:26:5-110
130-->[com.google.android.gms:play-services-measurement:22.1.2] AndroidManifest.xml:26:22-107
131    <uses-permission android:name="com.google.android.gms.permission.AD_ID" />
131-->[com.google.android.gms:play-services-measurement-impl:22.1.2] AndroidManifest.xml:27:5-79
131-->[com.google.android.gms:play-services-measurement-impl:22.1.2] AndroidManifest.xml:27:22-76
132    <uses-permission android:name="android.permission.ACCESS_ADSERVICES_ATTRIBUTION" />
132-->[com.google.android.gms:play-services-measurement-api:22.1.2] AndroidManifest.xml:26:5-88
132-->[com.google.android.gms:play-services-measurement-api:22.1.2] AndroidManifest.xml:26:22-85
133    <uses-permission android:name="android.permission.ACCESS_ADSERVICES_AD_ID" />
133-->[com.google.android.gms:play-services-measurement-api:22.1.2] AndroidManifest.xml:27:5-82
133-->[com.google.android.gms:play-services-measurement-api:22.1.2] AndroidManifest.xml:27:22-79
134    <uses-permission android:name="com.google.android.providers.gsf.permission.READ_GSERVICES" />
134-->[com.google.android.recaptcha:recaptcha:18.4.0] AndroidManifest.xml:9:5-98
134-->[com.google.android.recaptcha:recaptcha:18.4.0] AndroidManifest.xml:9:22-95
135
136    <permission
136-->[androidx.core:core:1.13.0] AndroidManifest.xml:22:5-24:47
137        android:name="com.example.myapplication2222.DYNAMIC_RECEIVER_NOT_EXPORTED_PERMISSION"
137-->[androidx.core:core:1.13.0] AndroidManifest.xml:23:9-81
138        android:protectionLevel="signature" />
138-->[androidx.core:core:1.13.0] AndroidManifest.xml:24:9-44
139
140    <uses-permission android:name="com.example.myapplication2222.DYNAMIC_RECEIVER_NOT_EXPORTED_PERMISSION" />
140-->[androidx.core:core:1.13.0] AndroidManifest.xml:26:5-97
140-->[androidx.core:core:1.13.0] AndroidManifest.xml:26:22-94
141
142    <application
142-->src\main\AndroidManifest.xml:21:5-78:19
143        android:name="com.example.myapplication2222.MyApplication"
143-->src\main\AndroidManifest.xml:22:9-38
144        android:allowBackup="true"
144-->src\main\AndroidManifest.xml:23:9-35
145        android:appComponentFactory="androidx.core.app.CoreComponentFactory"
145-->[androidx.core:core:1.13.0] AndroidManifest.xml:28:18-86
146        android:dataExtractionRules="@xml/data_extraction_rules"
146-->src\main\AndroidManifest.xml:24:9-65
147        android:debuggable="true"
148        android:extractNativeLibs="false"
149        android:fullBackupContent="@xml/backup_rules"
149-->src\main\AndroidManifest.xml:25:9-54
150        android:icon="@mipmap/ic_launcher"
150-->src\main\AndroidManifest.xml:26:9-43
151        android:label="@string/app_name"
151-->src\main\AndroidManifest.xml:27:9-41
152        android:networkSecurityConfig="@xml/network_security_config"
152-->src\main\AndroidManifest.xml:32:9-69
153        android:roundIcon="@mipmap/ic_launcher_round"
153-->src\main\AndroidManifest.xml:28:9-54
154        android:supportsRtl="true"
154-->src\main\AndroidManifest.xml:29:9-35
155        android:testOnly="true"
156        android:theme="@style/Theme.MyApplication2222"
156-->src\main\AndroidManifest.xml:30:9-55
157        android:usesCleartextTraffic="true" >
157-->src\main\AndroidManifest.xml:31:9-44
158        <activity
158-->src\main\AndroidManifest.xml:35:9-42:20
159            android:name="com.example.myapplication2222.MainActivity"
159-->src\main\AndroidManifest.xml:36:13-41
160            android:exported="true" >
160-->src\main\AndroidManifest.xml:37:13-36
161            <intent-filter>
161-->src\main\AndroidManifest.xml:38:13-41:29
162                <action android:name="android.intent.action.MAIN" />
162-->src\main\AndroidManifest.xml:39:17-69
162-->src\main\AndroidManifest.xml:39:25-66
163
164                <category android:name="android.intent.category.LAUNCHER" />
164-->src\main\AndroidManifest.xml:40:17-77
164-->src\main\AndroidManifest.xml:40:27-74
165            </intent-filter>
166        </activity>
167
168        <!-- 나머지 활동들 등록 -->
169        <activity android:name="com.example.myapplication2222.MapActivity" />
169-->src\main\AndroidManifest.xml:45:9-49
169-->src\main\AndroidManifest.xml:45:19-46
170        <activity android:name="com.example.myapplication2222.CartActivity" />
170-->src\main\AndroidManifest.xml:46:9-50
170-->src\main\AndroidManifest.xml:46:19-47
171        <activity android:name="com.example.myapplication2222.OcrActivity" />
171-->src\main\AndroidManifest.xml:47:9-49
171-->src\main\AndroidManifest.xml:47:19-46
172        <activity android:name="com.example.myapplication2222.OrderSummaryActivity" />
172-->src\main\AndroidManifest.xml:48:9-58
172-->src\main\AndroidManifest.xml:48:19-55
173        <activity android:name="com.example.myapplication2222.PaymentActivity" />
173-->src\main\AndroidManifest.xml:49:9-53
173-->src\main\AndroidManifest.xml:49:19-50
174        <activity android:name="com.example.myapplication2222.InventoryActivity" />
174-->src\main\AndroidManifest.xml:50:9-55
174-->src\main\AndroidManifest.xml:50:19-52
175        <activity android:name="com.example.myapplication2222.PaymentSuccessActivity" />
175-->src\main\AndroidManifest.xml:51:9-60
175-->src\main\AndroidManifest.xml:51:19-57
176        <activity android:name="com.example.myapplication2222.LoginActivity" />
176-->src\main\AndroidManifest.xml:52:9-51
176-->src\main\AndroidManifest.xml:52:19-48
177        <activity android:name="com.example.myapplication2222.SignupActivity" />
177-->src\main\AndroidManifest.xml:53:9-51
177-->src\main\AndroidManifest.xml:53:19-49
178        <activity android:name="com.example.myapplication2222.ProfileManagementActivity" />
178-->src\main\AndroidManifest.xml:54:9-62
178-->src\main\AndroidManifest.xml:54:19-60
179
180        <meta-data
180-->src\main\AndroidManifest.xml:57:9-59:35
181            android:name="com.google.firebase.ml.vision.DEPENDENCIES"
181-->src\main\AndroidManifest.xml:58:13-70
182            android:value="ocr" />
182-->src\main\AndroidManifest.xml:59:13-32
183        <!-- To use multiple models: android:value="ocr,model2,model3" -->
184        <!-- BeaconService 명시적 선언 추가 -->
185        <service
185-->src\main\AndroidManifest.xml:62:9-65:33
186            android:name="org.altbeacon.beacon.service.BeaconService"
186-->src\main\AndroidManifest.xml:63:13-70
187            android:enabled="true"
187-->[org.altbeacon:android-beacon-library:2.20.6] AndroidManifest.xml:30:13-35
188            android:exported="false"
188-->src\main\AndroidManifest.xml:64:13-37
189            android:foregroundServiceType="location"
189-->[org.altbeacon:android-beacon-library:2.20.6] AndroidManifest.xml:32:13-53
190            android:isolatedProcess="false"
190-->[org.altbeacon:android-beacon-library:2.20.6] AndroidManifest.xml:33:13-44
191            android:label="beacon" />
191-->[org.altbeacon:android-beacon-library:2.20.6] AndroidManifest.xml:34:13-35
192        <!-- Bootpay 사용을 위한 메타데이터 -->
193        <meta-data
193-->src\main\AndroidManifest.xml:67:9-69:56
194            android:name="BOOTPAY_APPLICATION_ID"
194-->src\main\AndroidManifest.xml:68:13-50
195            android:value="66f67f77a3175898bd6e4bfe" />
195-->src\main\AndroidManifest.xml:69:13-53
196        <meta-data
196-->src\main\AndroidManifest.xml:71:9-73:76
197            android:name="BOOTPAY_PRIVATE_KEY"
197-->src\main\AndroidManifest.xml:72:13-47
198            android:value="BQuS/IErpSLPUUAqFFXTz4VA2LP9GBo7rDEOKLcA3Hw=" />
198-->src\main\AndroidManifest.xml:73:13-73
199        <meta-data
199-->src\main\AndroidManifest.xml:74:9-76:69
200            android:name="com.google.android.gms.version"
200-->src\main\AndroidManifest.xml:75:13-58
201            android:value="@integer/google_play_services_version" />
201-->src\main\AndroidManifest.xml:76:13-66
202
203        <activity
203-->[com.google.firebase:firebase-auth:23.0.0] AndroidManifest.xml:29:9-46:20
204            android:name="com.google.firebase.auth.internal.GenericIdpActivity"
204-->[com.google.firebase:firebase-auth:23.0.0] AndroidManifest.xml:30:13-80
205            android:excludeFromRecents="true"
205-->[com.google.firebase:firebase-auth:23.0.0] AndroidManifest.xml:31:13-46
206            android:exported="true"
206-->[com.google.firebase:firebase-auth:23.0.0] AndroidManifest.xml:32:13-36
207            android:launchMode="singleTask"
207-->[com.google.firebase:firebase-auth:23.0.0] AndroidManifest.xml:33:13-44
208            android:theme="@android:style/Theme.Translucent.NoTitleBar" >
208-->[com.google.firebase:firebase-auth:23.0.0] AndroidManifest.xml:34:13-72
209            <intent-filter>
209-->[com.google.firebase:firebase-auth:23.0.0] AndroidManifest.xml:35:13-45:29
210                <action android:name="android.intent.action.VIEW" />
210-->[com.google.firebase:firebase-auth:23.0.0] AndroidManifest.xml:36:17-69
210-->[com.google.firebase:firebase-auth:23.0.0] AndroidManifest.xml:36:25-66
211
212                <category android:name="android.intent.category.DEFAULT" />
212-->[com.google.firebase:firebase-auth:23.0.0] AndroidManifest.xml:38:17-76
212-->[com.google.firebase:firebase-auth:23.0.0] AndroidManifest.xml:38:27-73
213                <category android:name="android.intent.category.BROWSABLE" />
213-->[com.google.firebase:firebase-auth:23.0.0] AndroidManifest.xml:39:17-78
213-->[com.google.firebase:firebase-auth:23.0.0] AndroidManifest.xml:39:27-75
214
215                <data
215-->[com.google.firebase:firebase-auth:23.0.0] AndroidManifest.xml:41:17-44:51
216                    android:host="firebase.auth"
216-->[com.google.firebase:firebase-auth:23.0.0] AndroidManifest.xml:42:21-49
217                    android:path="/"
217-->[com.google.firebase:firebase-auth:23.0.0] AndroidManifest.xml:43:21-37
218                    android:scheme="genericidp" />
218-->[com.google.firebase:firebase-auth:23.0.0] AndroidManifest.xml:44:21-48
219            </intent-filter>
220        </activity>
221        <activity
221-->[com.google.firebase:firebase-auth:23.0.0] AndroidManifest.xml:47:9-64:20
222            android:name="com.google.firebase.auth.internal.RecaptchaActivity"
222-->[com.google.firebase:firebase-auth:23.0.0] AndroidManifest.xml:48:13-79
223            android:excludeFromRecents="true"
223-->[com.google.firebase:firebase-auth:23.0.0] AndroidManifest.xml:49:13-46
224            android:exported="true"
224-->[com.google.firebase:firebase-auth:23.0.0] AndroidManifest.xml:50:13-36
225            android:launchMode="singleTask"
225-->[com.google.firebase:firebase-auth:23.0.0] AndroidManifest.xml:51:13-44
226            android:theme="@android:style/Theme.Translucent.NoTitleBar" >
226-->[com.google.firebase:firebase-auth:23.0.0] AndroidManifest.xml:52:13-72
227            <intent-filter>
227-->[com.google.firebase:firebase-auth:23.0.0] AndroidManifest.xml:53:13-63:29
228                <action android:name="android.intent.action.VIEW" />
228-->[com.google.firebase:firebase-auth:23.0.0] AndroidManifest.xml:36:17-69
228-->[com.google.firebase:firebase-auth:23.0.0] AndroidManifest.xml:36:25-66
229
230                <category android:name="android.intent.category.DEFAULT" />
230-->[com.google.firebase:firebase-auth:23.0.0] AndroidManifest.xml:38:17-76
230-->[com.google.firebase:firebase-auth:23.0.0] AndroidManifest.xml:38:27-73
231                <category android:name="android.intent.category.BROWSABLE" />
231-->[com.google.firebase:firebase-auth:23.0.0] AndroidManifest.xml:39:17-78
231-->[com.google.firebase:firebase-auth:23.0.0] AndroidManifest.xml:39:27-75
232
233                <data
233-->[com.google.firebase:firebase-auth:23.0.0] AndroidManifest.xml:41:17-44:51
234                    android:host="firebase.auth"
234-->[com.google.firebase:firebase-auth:23.0.0] AndroidManifest.xml:42:21-49
235                    android:path="/"
235-->[com.google.firebase:firebase-auth:23.0.0] AndroidManifest.xml:43:21-37
236                    android:scheme="recaptcha" />
236-->[com.google.firebase:firebase-auth:23.0.0] AndroidManifest.xml:44:21-48
237            </intent-filter>
238        </activity>
239
240        <service
240-->[com.google.firebase:firebase-auth:23.0.0] AndroidManifest.xml:66:9-72:19
241            android:name="com.google.firebase.components.ComponentDiscoveryService"
241-->[com.google.firebase:firebase-auth:23.0.0] AndroidManifest.xml:67:13-84
242            android:directBootAware="true"
242-->[com.google.firebase:firebase-common:21.0.0] AndroidManifest.xml:32:13-43
243            android:exported="false" >
243-->[com.google.firebase:firebase-auth:23.0.0] AndroidManifest.xml:68:13-37
244            <meta-data
244-->[com.google.firebase:firebase-auth:23.0.0] AndroidManifest.xml:69:13-71:85
245                android:name="com.google.firebase.components:com.google.firebase.auth.FirebaseAuthRegistrar"
245-->[com.google.firebase:firebase-auth:23.0.0] AndroidManifest.xml:70:17-109
246                android:value="com.google.firebase.components.ComponentRegistrar" />
246-->[com.google.firebase:firebase-auth:23.0.0] AndroidManifest.xml:71:17-82
247            <meta-data
247-->[com.google.firebase:firebase-firestore:25.1.0] AndroidManifest.xml:17:13-19:85
248                android:name="com.google.firebase.components:com.google.firebase.firestore.FirebaseFirestoreKtxRegistrar"
248-->[com.google.firebase:firebase-firestore:25.1.0] AndroidManifest.xml:18:17-122
249                android:value="com.google.firebase.components.ComponentRegistrar" />
249-->[com.google.firebase:firebase-firestore:25.1.0] AndroidManifest.xml:19:17-82
250            <meta-data
250-->[com.google.firebase:firebase-firestore:25.1.0] AndroidManifest.xml:20:13-22:85
251                android:name="com.google.firebase.components:com.google.firebase.firestore.FirestoreRegistrar"
251-->[com.google.firebase:firebase-firestore:25.1.0] AndroidManifest.xml:21:17-111
252                android:value="com.google.firebase.components.ComponentRegistrar" />
252-->[com.google.firebase:firebase-firestore:25.1.0] AndroidManifest.xml:22:17-82
253            <meta-data
253-->[com.google.android.gms:play-services-measurement-api:22.1.2] AndroidManifest.xml:37:13-39:85
254                android:name="com.google.firebase.components:com.google.firebase.analytics.connector.internal.AnalyticsConnectorRegistrar"